2018-10-09 17:38:56.045 [http-nio-8090-exec-1] DEBUG com.my.blog.website.service.impl.ContentServiceImpl - Enter getContents method
2018-10-09 17:38:56.407 [http-nio-8090-exec-1] DEBUG com.my.blog.website.service.impl.ContentServiceImpl - Exit getContents method
2018-10-09 18:27:17.572 [http-nio-8090-exec-9] DEBUG com.my.blog.website.service.impl.ContentServiceImpl - Enter getContents method
2018-10-09 18:27:17.810 [http-nio-8090-exec-9] DEBUG com.my.blog.website.service.impl.ContentServiceImpl - Exit getContents method
2018-10-09 19:22:48.854 [http-nio-8090-exec-1] DEBUG com.my.blog.website.service.impl.ContentServiceImpl - Enter getContents method
2018-10-09 19:22:49.221 [http-nio-8090-exec-1] DEBUG com.my.blog.website.service.impl.ContentServiceImpl - Exit getContents method
2018-10-09 20:06:10.711 [http-nio-8090-exec-2] DEBUG com.my.blog.website.service.impl.ContentServiceImpl - Enter getContents method
2018-10-09 20:06:10.755 [http-nio-8090-exec-2] DEBUG com.my.blog.website.service.impl.ContentServiceImpl - Exit getContents method
2018-10-09 20:06:16.785 [http-nio-8090-exec-9] ERROR com.my.blog.website.controller.GlobalExceptionHandler - find exception:e=query content by id and return is not one
2018-10-09 20:06:23.277 [http-nio-8090-exec-6] INFO  com.my.blog.website.controller.admin.IndexController - Enter admin index method
2018-10-09 20:06:23.277 [http-nio-8090-exec-6] DEBUG com.my.blog.website.service.impl.SiteServiceImpl - Enter recentComments method:limit=5
2018-10-09 20:06:23.328 [http-nio-8090-exec-6] DEBUG com.my.blog.website.service.impl.SiteServiceImpl - Exit recentComments method
2018-10-09 20:06:23.328 [http-nio-8090-exec-6] DEBUG com.my.blog.website.service.impl.SiteServiceImpl - Enter recentContents method
2018-10-09 20:06:23.390 [http-nio-8090-exec-6] DEBUG com.my.blog.website.service.impl.SiteServiceImpl - Exit recentContents method
2018-10-09 20:06:23.390 [http-nio-8090-exec-6] DEBUG com.my.blog.website.service.impl.SiteServiceImpl - Enter getStatistics method
2018-10-09 20:06:23.469 [http-nio-8090-exec-6] DEBUG com.my.blog.website.service.impl.SiteServiceImpl - Exit getStatistics method
2018-10-09 20:06:23.469 [http-nio-8090-exec-6] DEBUG com.my.blog.website.service.impl.LogServiceImpl - Enter getLogs method:page=1,linit=5
2018-10-09 20:06:23.507 [http-nio-8090-exec-6] DEBUG com.my.blog.website.service.impl.LogServiceImpl - Exit getLogs method
2018-10-09 20:06:23.507 [http-nio-8090-exec-6] INFO  com.my.blog.website.controller.admin.IndexController - Exit admin index method
2018-10-09 20:06:38.410 [http-nio-8090-exec-4] INFO  com.my.blog.website.controller.admin.IndexController - Enter admin index method
2018-10-09 20:06:38.410 [http-nio-8090-exec-4] DEBUG com.my.blog.website.service.impl.SiteServiceImpl - Enter recentComments method:limit=5
2018-10-09 20:06:38.445 [http-nio-8090-exec-4] DEBUG com.my.blog.website.service.impl.SiteServiceImpl - Exit recentComments method
2018-10-09 20:06:38.445 [http-nio-8090-exec-4] DEBUG com.my.blog.website.service.impl.SiteServiceImpl - Enter recentContents method
2018-10-09 20:06:38.487 [http-nio-8090-exec-4] DEBUG com.my.blog.website.service.impl.SiteServiceImpl - Exit recentContents method
2018-10-09 20:06:38.487 [http-nio-8090-exec-4] DEBUG com.my.blog.website.service.impl.SiteServiceImpl - Enter getStatistics method
2018-10-09 20:06:38.546 [http-nio-8090-exec-4] DEBUG com.my.blog.website.service.impl.SiteServiceImpl - Exit getStatistics method
2018-10-09 20:06:38.546 [http-nio-8090-exec-4] DEBUG com.my.blog.website.service.impl.LogServiceImpl - Enter getLogs method:page=1,linit=5
2018-10-09 20:06:39.195 [http-nio-8090-exec-4] DEBUG com.my.blog.website.service.impl.LogServiceImpl - Exit getLogs method
2018-10-09 20:06:39.195 [http-nio-8090-exec-4] INFO  com.my.blog.website.controller.admin.IndexController - Exit admin index method
2018-10-09 20:06:39.772 [http-nio-8090-exec-5] INFO  com.my.blog.website.controller.admin.IndexController - Enter admin index method
2018-10-09 20:06:39.772 [http-nio-8090-exec-5] DEBUG com.my.blog.website.service.impl.SiteServiceImpl - Enter recentComments method:limit=5
2018-10-09 20:06:39.807 [http-nio-8090-exec-5] DEBUG com.my.blog.website.service.impl.SiteServiceImpl - Exit recentComments method
2018-10-09 20:06:39.808 [http-nio-8090-exec-5] DEBUG com.my.blog.website.service.impl.SiteServiceImpl - Enter recentContents method
2018-10-09 20:06:39.842 [http-nio-8090-exec-5] DEBUG com.my.blog.website.service.impl.SiteServiceImpl - Exit recentContents method
2018-10-09 20:06:39.842 [http-nio-8090-exec-5] DEBUG com.my.blog.website.service.impl.SiteServiceImpl - Enter getStatistics method
2018-10-09 20:06:40.155 [http-nio-8090-exec-5] DEBUG com.my.blog.website.service.impl.SiteServiceImpl - Exit getStatistics method
2018-10-09 20:06:40.155 [http-nio-8090-exec-5] DEBUG com.my.blog.website.service.impl.LogServiceImpl - Enter getLogs method:page=1,linit=5
2018-10-09 20:06:40.184 [http-nio-8090-exec-5] DEBUG com.my.blog.website.service.impl.LogServiceImpl - Exit getLogs method
2018-10-09 20:06:40.184 [http-nio-8090-exec-5] INFO  com.my.blog.website.controller.admin.IndexController - Exit admin index method
2018-10-09 20:06:40.645 [http-nio-8090-exec-3] INFO  com.my.blog.website.controller.admin.IndexController - Enter admin index method
2018-10-09 20:06:40.646 [http-nio-8090-exec-3] DEBUG com.my.blog.website.service.impl.SiteServiceImpl - Enter recentComments method:limit=5
2018-10-09 20:06:40.679 [http-nio-8090-exec-3] DEBUG com.my.blog.website.service.impl.SiteServiceImpl - Exit recentComments method
2018-10-09 20:06:40.679 [http-nio-8090-exec-3] DEBUG com.my.blog.website.service.impl.SiteServiceImpl - Enter recentContents method
2018-10-09 20:06:40.711 [http-nio-8090-exec-3] DEBUG com.my.blog.website.service.impl.SiteServiceImpl - Exit recentContents method
2018-10-09 20:06:40.711 [http-nio-8090-exec-3] DEBUG com.my.blog.website.service.impl.SiteServiceImpl - Enter getStatistics method
2018-10-09 20:06:40.774 [http-nio-8090-exec-3] DEBUG com.my.blog.website.service.impl.SiteServiceImpl - Exit getStatistics method
2018-10-09 20:06:40.774 [http-nio-8090-exec-3] DEBUG com.my.blog.website.service.impl.LogServiceImpl - Enter getLogs method:page=1,linit=5
2018-10-09 20:06:40.816 [http-nio-8090-exec-3] DEBUG com.my.blog.website.service.impl.LogServiceImpl - Exit getLogs method
2018-10-09 20:06:40.816 [http-nio-8090-exec-3] INFO  com.my.blog.website.controller.admin.IndexController - Exit admin index method
2018-10-09 20:06:41.706 [http-nio-8090-exec-6] INFO  com.my.blog.website.controller.admin.IndexController - Enter admin index method
2018-10-09 20:06:41.706 [http-nio-8090-exec-6] DEBUG com.my.blog.website.service.impl.SiteServiceImpl - Enter recentComments method:limit=5
2018-10-09 20:06:41.737 [http-nio-8090-exec-6] DEBUG com.my.blog.website.service.impl.SiteServiceImpl - Exit recentComments method
2018-10-09 20:06:41.737 [http-nio-8090-exec-6] DEBUG com.my.blog.website.service.impl.SiteServiceImpl - Enter recentContents method
2018-10-09 20:06:41.769 [http-nio-8090-exec-6] DEBUG com.my.blog.website.service.impl.SiteServiceImpl - Exit recentContents method
2018-10-09 20:06:41.769 [http-nio-8090-exec-6] DEBUG com.my.blog.website.service.impl.SiteServiceImpl - Enter getStatistics method
2018-10-09 20:06:41.836 [http-nio-8090-exec-6] DEBUG com.my.blog.website.service.impl.SiteServiceImpl - Exit getStatistics method
2018-10-09 20:06:41.837 [http-nio-8090-exec-6] DEBUG com.my.blog.website.service.impl.LogServiceImpl - Enter getLogs method:page=1,linit=5
2018-10-09 20:06:41.870 [http-nio-8090-exec-6] DEBUG com.my.blog.website.service.impl.LogServiceImpl - Exit getLogs method
2018-10-09 20:06:41.870 [http-nio-8090-exec-6] INFO  com.my.blog.website.controller.admin.IndexController - Exit admin index method
